<?xml version="1.0" encoding="UTF-8"?>
<testsuite xmlns:xsi="http://www.w3.org/2001/XMLSchema-instance" xsi:noNamespaceSchemaLocation="https://maven.apache.org/surefire/maven-surefire-plugin/xsd/surefire-test-report.xsd" version="3.0.2" name="com.airline.ticketing.AirplaneTicketBackendApplicationTests" time="21.682" tests="1" errors="0" skipped="0" failures="0" flakes="0">
  <properties>
[...]
</properties>
  <testcase name="contextLoads" classname="com.airline.ticketing.AirplaneTicketBackendApplicationTests" time="1.562">
    <system-out><![CDATA[09:40:31.989 [main] INFO org.springframework.test.context.support.AnnotationConfigContextLoaderUtils -- Could not detect default configuration classes for test class [com.airline.ticketing.AirplaneTicketBackendApplicationTests]: AirplaneTicketBackendApplicationTests does not declare any static, non-private, non-final, nested classes annotated with @Configuration.
09:40:32.425 [main] INFO org.springframework.boot.test.context.SpringBootTestContextBootstrapper -- Found @SpringBootConfiguration com.airline.ticketing.AirplaneTicketBackendApplication for test class com.airline.ticketing.AirplaneTicketBackendApplicationTests

  .   ____          _            __ _ _
 /\\ / ___'_ __ _ _(_)_ __  __ _ \ \ \ \
( ( )\___ | '_ | '_| | '_ \/ _` | \ \ \ \
 \\/  ___)| |_)| | | | | || (_| |  ) ) ) )
  '  |____| .__|_| |_|_| |_\__, | / / / /
 =========|_|==============|___/=/_/_/_/

 :: Spring Boot ::               (v3.5.14)

2026-05-21T09:40:34.433-07:00  INFO 3132 --- [           main] .t.AirplaneTicketBackendApplicationTests : Starting AirplaneTicketBackendApplicationTests using Java 17.0.16 with PID 3132 (started by Username in C:\Users\Username\Desktop\airplane-ticket-frontend)
2026-05-21T09:40:34.439-07:00  INFO 3132 --- [           main] .t.AirplaneTicketBackendApplicationTests : No active profile set, falling back to 1 default profile: "default"
2026-05-21T09:40:37.414-07:00  INFO 3132 --- [           main] .s.d.r.c.RepositoryConfigurationDelegate : Bootstrapping Spring Data JPA repositories in DEFAULT mode.
2026-05-21T09:40:37.694-07:00  INFO 3132 --- [           main] .s.d.r.c.RepositoryConfigurationDelegate : Finished Spring Data repository scanning in 229 ms. Found 4 JPA repository interfaces.
2026-05-21T09:40:39.467-07:00  INFO 3132 --- [           main] o.hibernate.jpa.internal.util.LogHelper  : HHH000204: Processing PersistenceUnitInfo [name: default]
2026-05-21T09:40:39.742-07:00  INFO 3132 --- [           main] org.hibernate.Version                    : HHH000412: Hibernate ORM core version 6.6.49.Final
2026-05-21T09:40:39.932-07:00  INFO 3132 --- [           main] o.h.c.internal.RegionFactoryInitiator    : HHH000026: Second-level cache disabled
2026-05-21T09:40:41.245-07:00  INFO 3132 --- [           main] o.s.o.j.p.SpringPersistenceUnitInfo      : No LoadTimeWeaver setup: ignoring JPA class transformer
2026-05-21T09:40:41.355-07:00  INFO 3132 --- [           main] com.zaxxer.hikari.HikariDataSource       : HikariPool-1 - Starting...
2026-05-21T09:40:42.455-07:00  INFO 3132 --- [           main] com.zaxxer.hikari.pool.HikariPool        : HikariPool-1 - Added connection com.mysql.cj.jdbc.ConnectionImpl@603f4e3e
2026-05-21T09:40:42.461-07:00  INFO 3132 --- [           main] com.zaxxer.hikari.HikariDataSource       : HikariPool-1 - Start completed.
2026-05-21T09:40:42.671-07:00  WARN 3132 --- [           main] org.hibernate.orm.deprecation            : HHH90000025: MySQL8Dialect does not need to be specified explicitly using 'hibernate.dialect' (remove the property setting and it will be selected by default)
2026-05-21T09:40:42.671-07:00  WARN 3132 --- [           main] org.hibernate.orm.deprecation            : HHH90000026: MySQL8Dialect has been deprecated; use org.hibernate.dialect.MySQLDialect instead
2026-05-21T09:40:42.818-07:00  INFO 3132 --- [           main] org.hibernate.orm.connections.pooling    : HHH10001005: Database info:
	Database JDBC URL [Connecting through datasource 'HikariDataSource (HikariPool-1)']
	Database driver: undefined/unknown
	Database version: 8.0
	Autocommit mode: undefined/unknown
	Isolation level: undefined/unknown
	Minimum pool size: undefined/unknown
	Maximum pool size: undefined/unknown
2026-05-21T09:40:45.989-07:00  INFO 3132 --- [           main] o.h.e.t.j.p.i.JtaPlatformInitiator       : HHH000489: No JTA platform available (set 'hibernate.transaction.jta.platform' to enable JTA platform integration)
2026-05-21T09:40:46.312-07:00  INFO 3132 --- [           main] j.LocalContainerEntityManagerFactoryBean : Initialized JPA EntityManagerFactory for persistence unit 'default'
2026-05-21T09:40:47.332-07:00  INFO 3132 --- [           main] o.s.d.j.r.query.QueryEnhancerFactory     : Hibernate is in classpath; If applicable, HQL parser will be used.
2026-05-21T09:40:51.066-07:00  INFO 3132 --- [           main] .t.AirplaneTicketBackendApplicationTests : Started AirplaneTicketBackendApplicationTests in 17.957 seconds (process running for 21.508)
Hibernate: select count(*) from flight f1_0
]]></system-out>
  </testcase>
</testsuite>